<?xml version="1.0" encoding="UTF-8"?>
<!-- Generated by org.testng.reporters.JUnitXMLReporter -->
<testsuite ignored="1" hostname="HiralPari" failures="1" tests="2" name="Test" time="34.633" errors="0" timestamp="2022-12-31T18:16:42 IST">
  <testcase classname="testCases.TC_001_AccountRegistrationTest" name="Test_Account_Regsitration" time="5.544">
    <failure type="java.lang.AssertionError" message="expected [Your Account Has Been Created1!] but found [Your Account Has Been Created!]">
      <![CDATA[java.lang.AssertionError: expected [Your Account Has Been Created1!] but found [Your Account Has Been Created!]
at testCases.TC_001_AccountRegistrationTest.Test_Account_Regsitration(TC_001_AccountRegistrationTest.java:33)
at java.base/java.util.ArrayList.forEach(ArrayList.java:1541)
... Removed 33 stack frames]]>
    </failure>
  </testcase> <!-- Test_Account_Regsitration -->
  <testcase classname="testCases.TC_002_LoginTest" name="Test_Login" time="2.405"/>
  <testcase classname="testCases.TC_003_LoginDataDrivenTest" name="Test_Login" time="0.0">
    <ignored/>
  </testcase> <!-- Test_Login -->
</testsuite> <!-- Test -->
