<?xml version="1.0" encoding="UTF-8"?>
<!-- Generated by org.testng.reporters.JUnitXMLReporter -->
<testsuite ignored="0" hostname="HiralPari" failures="0" tests="5" name="Test" time="50.746" errors="0" timestamp="2023-01-02T07:53:48 IST">
  <testcase classname="testCases.TC_003_LoginDataDrivenTest" name="Test_Login" time="2.624"/>
  <testcase classname="testCases.TC_003_LoginDataDrivenTest" name="Test_Login" time="11.482"/>
  <testcase classname="testCases.TC_003_LoginDataDrivenTest" name="Test_Login" time="11.271"/>
  <testcase classname="testCases.TC_003_LoginDataDrivenTest" name="Test_Login" time="11.631"/>
  <testcase classname="testCases.TC_003_LoginDataDrivenTest" name="Test_Login" time="3.119"/>
</testsuite> <!-- Test -->
