<?xml version="1.0" encoding="UTF-8"?>
<testsuite xmlns:xsi="http://www.w3.org/2001/XMLSchema-instance" xsi:noNamespaceSchemaLocation="https://maven.apache.org/surefire/maven-surefire-plugin/xsd/surefire-test-report-3.0.xsd" version="3.0" name="TestSuite" time="52.609" tests="5" errors="0" skipped="0" failures="0">
  <properties>
[...]
</properties>
  <testcase name="Test_Login[sagar@gmail.com, Test@123, Valid](1)" classname="testCases.TC_003_LoginDataDrivenTest" time="2.65">
    <system-out><![CDATA[07:53:07.711 [main] INFO  testCases.TC_003_LoginDataDrivenTest - Starting TC_003_LoginDataDrivenTest
07:53:07.715 [main] INFO  testCases.TC_003_LoginDataDrivenTest - *** Landed to HomePage ****
07:53:08.411 [main] INFO  testCases.TC_003_LoginDataDrivenTest - *** Landed to LoginPage ****
07:53:09.518 [main] INFO  testCases.TC_003_LoginDataDrivenTest - *** Landed to MyAccountPage ****
]]></system-out>
    <system-err><![CDATA[SLF4J: Failed to load class "org.slf4j.impl.StaticLoggerBinder".
SLF4J: Defaulting to no-operation (NOP) logger implementation
SLF4J: See http://www.slf4j.org/codes.html#StaticLoggerBinder for further details.
Starting ChromeDriver 108.0.5359.71 (1e0e3868ee06e91ad636a874420e3ca3ae3756ac-refs/branch-heads/5359@{#1016}) on port 12431
Only local connections are allowed.
Please see https://chromedriver.chromium.org/security-considerations for suggestions on keeping ChromeDriver safe.
ChromeDriver was started successfully.
]]></system-err>
  </testcase>
  <testcase name="Test_Login[test@gmail.com, test, Invalid](2)" classname="testCases.TC_003_LoginDataDrivenTest" time="11.478">
    <system-out><![CDATA[07:53:10.352 [main] INFO  testCases.TC_003_LoginDataDrivenTest - Starting TC_003_LoginDataDrivenTest
07:53:10.353 [main] INFO  testCases.TC_003_LoginDataDrivenTest - *** Landed to HomePage ****
07:53:11.039 [main] INFO  testCases.TC_003_LoginDataDrivenTest - *** Landed to LoginPage ****
07:53:11.804 [main] INFO  testCases.TC_003_LoginDataDrivenTest - *** Landed to MyAccountPage ****
]]></system-out>
  </testcase>
  <testcase name="Test_Login[test1@gmail.com, test1, Invalid](3)" classname="testCases.TC_003_LoginDataDrivenTest" time="11.283">
    <system-out><![CDATA[07:53:21.835 [main] INFO  testCases.TC_003_LoginDataDrivenTest - Starting TC_003_LoginDataDrivenTest
07:53:21.836 [main] INFO  testCases.TC_003_LoginDataDrivenTest - *** Landed to HomePage ****
07:53:22.347 [main] INFO  testCases.TC_003_LoginDataDrivenTest - *** Landed to LoginPage ****
07:53:23.022 [main] INFO  testCases.TC_003_LoginDataDrivenTest - *** Landed to MyAccountPage ****
]]></system-out>
  </testcase>
  <testcase name="Test_Login[test2@gmail.com, test2, Invalid](4)" classname="testCases.TC_003_LoginDataDrivenTest" time="11.625">
    <system-out><![CDATA[07:53:33.117 [main] INFO  testCases.TC_003_LoginDataDrivenTest - Starting TC_003_LoginDataDrivenTest
07:53:33.117 [main] INFO  testCases.TC_003_LoginDataDrivenTest - *** Landed to HomePage ****
07:53:33.895 [main] INFO  testCases.TC_003_LoginDataDrivenTest - *** Landed to LoginPage ****
07:53:34.663 [main] INFO  testCases.TC_003_LoginDataDrivenTest - *** Landed to MyAccountPage ****
]]></system-out>
  </testcase>
  <testcase name="Test_Login[abc123@gmail.com, Abc@123, Valid](5)" classname="testCases.TC_003_LoginDataDrivenTest" time="3.119">
    <system-out><![CDATA[07:53:44.744 [main] INFO  testCases.TC_003_LoginDataDrivenTest - Starting TC_003_LoginDataDrivenTest
07:53:44.745 [main] INFO  testCases.TC_003_LoginDataDrivenTest - *** Landed to HomePage ****
07:53:45.893 [main] INFO  testCases.TC_003_LoginDataDrivenTest - *** Landed to LoginPage ****
07:53:47.075 [main] INFO  testCases.TC_003_LoginDataDrivenTest - *** Landed to MyAccountPage ****
]]></system-out>
  </testcase>
</testsuite>