<?xml version="1.0" encoding="UTF-8"?>
<testng-results ignored="0" total="5" passed="5" failed="0" skipped="0">
  <reporter-output>
  </reporter-output>
  <suite started-at="2023-01-02T07:52:57 IST" name="Suite" finished-at="2023-01-02T07:53:47 IST" duration-ms="50746">
    <groups>
      <group name="datadriven">
        <method signature="TC_003_LoginDataDrivenTest.Test_Login(java.lang.String,java.lang.String,java.lang.String)[pri:0, instance:testCases.TC_003_LoginDataDrivenTest@173ed316]" name="Test_Login" class="testCases.TC_003_LoginDataDrivenTest"/>
      </group> <!-- datadriven -->
    </groups>
    <test started-at="2023-01-02T07:52:57 IST" name="Test" finished-at="2023-01-02T07:53:47 IST" duration-ms="50746">
      <class name="testCases.TC_003_LoginDataDrivenTest">
        <test-method is-config="true" signature="setUp(java.lang.String)[pri:0, instance:testCases.TC_003_LoginDataDrivenTest@173ed316]" started-at="2023-01-02T07:52:57 IST" name="setUp" finished-at="2023-01-02T07:53:05 IST" duration-ms="7344" status="PASS">
          <params>
            <param index="0">
              <value>
                <![CDATA[chrome]]>
              </value>
            </param>
          </params>
          <reporter-output>
          </reporter-output>
        </test-method> <!-- setUp -->
        <test-method signature="Test_Login(java.lang.String,java.lang.String,java.lang.String)[pri:0, instance:testCases.TC_003_LoginDataDrivenTest@173ed316]" started-at="2023-01-02T07:53:07 IST" name="Test_Login" data-provider="LoginData" finished-at="2023-01-02T07:53:10 IST" duration-ms="2624" status="PASS">
          <params>
            <param index="0">
              <value>
                <![CDATA[sagar@gmail.com]]>
              </value>
            </param>
            <param index="1">
              <value>
                <![CDATA[Test@123]]>
              </value>
            </param>
            <param index="2">
              <value>
                <![CDATA[Valid]]>
              </value>
            </param>
          </params>
          <reporter-output>
          </reporter-output>
        </test-method> <!-- Test_Login -->
        <test-method signature="Test_Login(java.lang.String,java.lang.String,java.lang.String)[pri:0, instance:testCases.TC_003_LoginDataDrivenTest@173ed316]" started-at="2023-01-02T07:53:10 IST" name="Test_Login" data-provider="LoginData" finished-at="2023-01-02T07:53:21 IST" duration-ms="11482" status="PASS">
          <params>
            <param index="0">
              <value>
                <![CDATA[test@gmail.com]]>
              </value>
            </param>
            <param index="1">
              <value>
                <![CDATA[test]]>
              </value>
            </param>
            <param index="2">
              <value>
                <![CDATA[Invalid]]>
              </value>
            </param>
          </params>
          <reporter-output>
          </reporter-output>
        </test-method> <!-- Test_Login -->
        <test-method signature="Test_Login(java.lang.String,java.lang.String,java.lang.String)[pri:0, instance:testCases.TC_003_LoginDataDrivenTest@173ed316]" started-at="2023-01-02T07:53:21 IST" name="Test_Login" data-provider="LoginData" finished-at="2023-01-02T07:53:33 IST" duration-ms="11271" status="PASS">
          <params>
            <param index="0">
              <value>
                <![CDATA[test1@gmail.com]]>
              </value>
            </param>
            <param index="1">
              <value>
                <![CDATA[test1]]>
              </value>
            </param>
            <param index="2">
              <value>
                <![CDATA[Invalid]]>
              </value>
            </param>
          </params>
          <reporter-output>
          </reporter-output>
        </test-method> <!-- Test_Login -->
        <test-method signature="Test_Login(java.lang.String,java.lang.String,java.lang.String)[pri:0, instance:testCases.TC_003_LoginDataDrivenTest@173ed316]" started-at="2023-01-02T07:53:33 IST" name="Test_Login" data-provider="LoginData" finished-at="2023-01-02T07:53:44 IST" duration-ms="11631" status="PASS">
          <params>
            <param index="0">
              <value>
                <![CDATA[test2@gmail.com]]>
              </value>
            </param>
            <param index="1">
              <value>
                <![CDATA[test2]]>
              </value>
            </param>
            <param index="2">
              <value>
                <![CDATA[Invalid]]>
              </value>
            </param>
          </params>
          <reporter-output>
          </reporter-output>
        </test-method> <!-- Test_Login -->
        <test-method signature="Test_Login(java.lang.String,java.lang.String,java.lang.String)[pri:0, instance:testCases.TC_003_LoginDataDrivenTest@173ed316]" started-at="2023-01-02T07:53:44 IST" name="Test_Login" data-provider="LoginData" finished-at="2023-01-02T07:53:47 IST" duration-ms="3119" status="PASS">
          <params>
            <param index="0">
              <value>
                <![CDATA[abc123@gmail.com]]>
              </value>
            </param>
            <param index="1">
              <value>
                <![CDATA[Abc@123]]>
              </value>
            </param>
            <param index="2">
              <value>
                <![CDATA[Valid]]>
              </value>
            </param>
          </params>
          <reporter-output>
          </reporter-output>
        </test-method> <!-- Test_Login -->
        <test-method is-config="true" signature="tearDown()[pri:0, instance:testCases.TC_003_LoginDataDrivenTest@173ed316]" started-at="2023-01-02T07:53:47 IST" name="tearDown" finished-at="2023-01-02T07:53:47 IST" duration-ms="90" status="PASS">
          <reporter-output>
          </reporter-output>
        </test-method> <!-- tearDown -->
      </class> <!-- testCases.TC_003_LoginDataDrivenTest -->
    </test> <!-- Test -->
  </suite> <!-- Suite -->
</testng-results>
